f:\user_lcj\workspace_temp\csharp_workspace\freertos_sim\windos_vs\freertos_sim\debug\vc140.pdb
f:\user_lcj\workspace_temp\csharp_workspace\freertos_sim\windos_vs\freertos_sim\debug\vc140.idb
f:\user_lcj\workspace_temp\csharp_workspace\freertos_sim\windos_vs\freertos_sim\debug\intsemtest.obj
f:\user_lcj\workspace_temp\csharp_workspace\freertos_sim\windos_vs\freertos_sim\debug\pollq.obj
f:\user_lcj\workspace_temp\csharp_workspace\freertos_sim\windos_vs\freertos_sim\debug\qpeek.obj
f:\user_lcj\workspace_temp\csharp_workspace\freertos_sim\windos_vs\freertos_sim\debug\queueoverwrite.obj
f:\user_lcj\workspace_temp\csharp_workspace\freertos_sim\windos_vs\freertos_sim\debug\queueset.obj
f:\user_lcj\workspace_temp\csharp_workspace\freertos_sim\windos_vs\freertos_sim\debug\queuesetpolling.obj
f:\user_lcj\workspace_temp\csharp_workspace\freertos_sim\windos_vs\freertos_sim\debug\recmutex.obj
f:\user_lcj\workspace_temp\csharp_workspace\freertos_sim\windos_vs\freertos_sim\debug\semtest.obj
f:\user_lcj\workspace_temp\csharp_workspace\freertos_sim\windos_vs\freertos_sim\debug\tasknotify.obj
f:\user_lcj\workspace_temp\csharp_workspace\freertos_sim\windos_vs\freertos_sim\debug\timerdemo.obj
f:\user_lcj\workspace_temp\csharp_workspace\freertos_sim\windos_vs\freertos_sim\debug\main.obj
f:\user_lcj\workspace_temp\csharp_workspace\freertos_sim\windos_vs\freertos_sim\debug\run-time-stats-utils.obj
f:\user_lcj\workspace_temp\csharp_workspace\freertos_sim\windos_vs\freertos_sim\debug\croutine.obj
f:\user_lcj\workspace_temp\csharp_workspace\freertos_sim\windos_vs\freertos_sim\debug\event_groups.obj
f:\user_lcj\workspace_temp\csharp_workspace\freertos_sim\windos_vs\freertos_sim\debug\list.obj
f:\user_lcj\workspace_temp\csharp_workspace\freertos_sim\windos_vs\freertos_sim\debug\heap_3.obj
f:\user_lcj\workspace_temp\csharp_workspace\freertos_sim\windos_vs\freertos_sim\debug\port.obj
f:\user_lcj\workspace_temp\csharp_workspace\freertos_sim\windos_vs\freertos_sim\debug\queue.obj
f:\user_lcj\workspace_temp\csharp_workspace\freertos_sim\windos_vs\freertos_sim\debug\tasks.obj
f:\user_lcj\workspace_temp\csharp_workspace\freertos_sim\windos_vs\freertos_sim\debug\timers.obj
f:\user_lcj\workspace_temp\csharp_workspace\freertos_sim\windos_vs\freertos_sim\debug\abortdelay.obj
f:\user_lcj\workspace_temp\csharp_workspace\freertos_sim\windos_vs\freertos_sim\debug\blockq.obj
f:\user_lcj\workspace_temp\csharp_workspace\freertos_sim\windos_vs\freertos_sim\debug\blocktim.obj
f:\user_lcj\workspace_temp\csharp_workspace\freertos_sim\windos_vs\freertos_sim\debug\countsem.obj
f:\user_lcj\workspace_temp\csharp_workspace\freertos_sim\windos_vs\freertos_sim\debug\death.obj
f:\user_lcj\workspace_temp\csharp_workspace\freertos_sim\windos_vs\freertos_sim\debug\dynamic.obj
f:\user_lcj\workspace_temp\csharp_workspace\freertos_sim\windos_vs\freertos_sim\debug\eventgroupsdemo.obj
f:\user_lcj\workspace_temp\csharp_workspace\freertos_sim\windos_vs\freertos_sim\debug\flop.obj
f:\user_lcj\workspace_temp\csharp_workspace\freertos_sim\windos_vs\freertos_sim\debug\genqtest.obj
f:\user_lcj\workspace_temp\csharp_workspace\freertos_sim\windos_vs\freertos_sim\debug\integer.obj
f:\user_lcj\workspace_temp\csharp_workspace\freertos_sim\windos_vs\debug\freertos_sim.ilk
f:\user_lcj\workspace_temp\csharp_workspace\freertos_sim\windos_vs\debug\freertos_sim.exe
f:\user_lcj\workspace_temp\csharp_workspace\freertos_sim\windos_vs\debug\freertos_sim.pdb
f:\user_lcj\workspace_temp\csharp_workspace\freertos_sim\windos_vs\freertos_sim\debug\freertos_sim.tlog\cl.command.1.tlog
f:\user_lcj\workspace_temp\csharp_workspace\freertos_sim\windos_vs\freertos_sim\debug\freertos_sim.tlog\cl.read.1.tlog
f:\user_lcj\workspace_temp\csharp_workspace\freertos_sim\windos_vs\freertos_sim\debug\freertos_sim.tlog\cl.write.1.tlog
f:\user_lcj\workspace_temp\csharp_workspace\freertos_sim\windos_vs\freertos_sim\debug\freertos_sim.tlog\link.command.1.tlog
f:\user_lcj\workspace_temp\csharp_workspace\freertos_sim\windos_vs\freertos_sim\debug\freertos_sim.tlog\link.read.1.tlog
f:\user_lcj\workspace_temp\csharp_workspace\freertos_sim\windos_vs\freertos_sim\debug\freertos_sim.tlog\link.write.1.tlog
